<?xml version="1.0" encoding="UTF-8"?>
<!-- Generated by org.testng.reporters.JUnitReportReporter -->
<testsuite skipped="0" hostname="LNGCPTL0000012" name="com.inetbanking.testCases.TC_LoginTest_001" tests="1" failures="0" timestamp="26 Nov 2019 04:22:53 GMT" time="1.656" errors="0">
  <testcase name="loginTest" time="1.656" classname="com.inetbanking.testCases.TC_LoginTest_001"/>
</testsuite> <!-- com.inetbanking.testCases.TC_LoginTest_001 -->
